2026-06-19 10:45:28,916 [1] INFO  Microsoft.EntityFrameworkCore.Database.Command - Executed DbCommand (166ms) [Parameters=[], CommandType='Text', CommandTimeout='60']
CREATE DATABASE [RoadReady_AuthDb];
2026-06-19 10:45:29,027 [1] INFO  Microsoft.EntityFrameworkCore.Database.Command - Executed DbCommand (103ms) [Parameters=[], CommandType='Text', CommandTimeout='60']
IF SERVERPROPERTY('EngineEdition') <> 5
BEGIN
    ALTER DATABASE [RoadReady_AuthDb] SET READ_COMMITTED_SNAPSHOT ON;
END;
2026-06-19 10:45:29,056 [1] INFO  Microsoft.EntityFrameworkCore.Database.Command - Executed DbCommand (7ms) [Parameters=[], CommandType='Text', CommandTimeout='30']
SELECT 1
2026-06-19 10:45:29,058 [1] INFO  Microsoft.EntityFrameworkCore.Migrations - Acquiring an exclusive lock for migration application. See https://aka.ms/efcore-docs-migrations-lock for more information if this takes too long.
2026-06-19 10:45:29,087 [1] INFO  Microsoft.EntityFrameworkCore.Database.Command - Executed DbCommand (26ms) [Parameters=[], CommandType='Text', CommandTimeout='30']
DECLARE @result int;
EXEC @result = sp_getapplock @Resource = '__EFMigrationsLock', @LockOwner = 'Session', @LockMode = 'Exclusive';
SELECT @result
2026-06-19 10:45:29,129 [1] INFO  Microsoft.EntityFrameworkCore.Database.Command - Executed DbCommand (7ms) [Parameters=[], CommandType='Text', CommandTimeout='30']
IF OBJECT_ID(N'[__EFMigrationsHistory]') IS NULL
BEGIN
    CREATE TABLE [__EFMigrationsHistory] (
        [MigrationId] nvarchar(150) NOT NULL,
        [ProductVersion] nvarchar(32) NOT NULL,
        CONSTRAINT [PK___EFMigrationsHistory] PRIMARY KEY ([MigrationId])
    );
END;
2026-06-19 10:45:29,137 [1] INFO  Microsoft.EntityFrameworkCore.Database.Command - Executed DbCommand (1ms) [Parameters=[], CommandType='Text', CommandTimeout='30']
SELECT 1
2026-06-19 10:45:29,139 [1] INFO  Microsoft.EntityFrameworkCore.Database.Command - Executed DbCommand (2ms) [Parameters=[], CommandType='Text', CommandTimeout='30']
SELECT OBJECT_ID(N'[__EFMigrationsHistory]');
2026-06-19 10:45:29,158 [1] INFO  Microsoft.EntityFrameworkCore.Database.Command - Executed DbCommand (17ms) [Parameters=[], CommandType='Text', CommandTimeout='30']
SELECT [MigrationId], [ProductVersion]
FROM [__EFMigrationsHistory]
ORDER BY [MigrationId];
2026-06-19 10:45:29,162 [1] INFO  Microsoft.EntityFrameworkCore.Migrations - Applying migration '20260619051518_InitialCreateAuth'.
2026-06-19 10:45:29,172 [1] INFO  Microsoft.EntityFrameworkCore.Database.Command - Executed DbCommand (4ms) [Parameters=[], CommandType='Text', CommandTimeout='30']
CREATE TABLE [Users] (
    [Id] uniqueidentifier NOT NULL,
    [FirstName] nvarchar(max) NOT NULL,
    [LastName] nvarchar(max) NOT NULL,
    [Email] nvarchar(450) NOT NULL,
    [PasswordHash] nvarchar(max) NOT NULL,
    [PhoneNumber] nvarchar(max) NOT NULL,
    [Role] nvarchar(max) NOT NULL,
    [IsActive] bit NOT NULL,
    [CreatedAt] datetime2 NOT NULL,
    [UpdatedAt] datetime2 NULL,
    CONSTRAINT [PK_Users] PRIMARY KEY ([Id])
);
2026-06-19 10:45:29,175 [1] INFO  Microsoft.EntityFrameworkCore.Database.Command - Executed DbCommand (3ms) [Parameters=[], CommandType='Text', CommandTimeout='30']
CREATE UNIQUE INDEX [IX_Users_Email] ON [Users] ([Email]);
2026-06-19 10:45:29,198 [1] INFO  Microsoft.EntityFrameworkCore.Database.Command - Executed DbCommand (24ms) [Parameters=[], CommandType='Text', CommandTimeout='30']
INSERT INTO [__EFMigrationsHistory] ([MigrationId], [ProductVersion])
VALUES (N'20260619051518_InitialCreateAuth', N'10.0.0');
2026-06-19 10:45:29,204 [1] INFO  Microsoft.EntityFrameworkCore.Database.Command - Executed DbCommand (3ms) [Parameters=[], CommandType='Text', CommandTimeout='30']
DECLARE @result int;
EXEC @result = sp_releaseapplock @Resource = '__EFMigrationsLock', @LockOwner = 'Session';
SELECT @result
2026-06-19 10:46:32,069 [1] INFO  Microsoft.Hosting.Lifetime - Now listening on: http://localhost:5001
2026-06-19 10:46:32,075 [1] INFO  Microsoft.Hosting.Lifetime - Application started. Press Ctrl+C to shut down.
2026-06-19 10:46:32,075 [1] INFO  Microsoft.Hosting.Lifetime - Hosting environment: Development
2026-06-19 10:46:32,075 [1] INFO  Microsoft.Hosting.Lifetime - Content root path: /Users/williamgiftson/Project/RoadReady/RoadReady.AuthService
2026-06-19 10:47:19,022 [10] INFO  Microsoft.EntityFrameworkCore.Database.Command - Executed DbCommand (63ms) [Parameters=[@email='?' (Size = 450)], CommandType='Text', CommandTimeout='30']
SELECT TOP(1) [u].[Id], [u].[CreatedAt], [u].[Email], [u].[FirstName], [u].[IsActive], [u].[LastName], [u].[PasswordHash], [u].[PhoneNumber], [u].[Role], [u].[UpdatedAt]
FROM [Users] AS [u]
WHERE [u].[Email] = @email
2026-06-19 10:47:19,389 [8] INFO  Microsoft.EntityFrameworkCore.Database.Command - Executed DbCommand (28ms) [Parameters=[@p0='?' (DbType = Guid), @p1='?' (DbType = DateTime2), @p2='?' (Size = 450), @p3='?' (Size = 4000), @p4='?' (DbType = Boolean), @p5='?' (Size = 4000), @p6='?' (Size = 4000), @p7='?' (Size = 4000), @p8='?' (Size = 4000), @p9='?' (DbType = DateTime2)], CommandType='Text', CommandTimeout='30']
SET IMPLICIT_TRANSACTIONS OFF;
SET NOCOUNT ON;
INSERT INTO [Users] ([Id], [CreatedAt], [Email], [FirstName], [IsActive], [LastName], [PasswordHash], [PhoneNumber], [Role], [UpdatedAt])
VALUES (@p0, @p1, @p2, @p3, @p4, @p5, @p6, @p7, @p8, @p9);
2026-06-19 10:47:19,394 [8] INFO  RoadReady.AuthService.Implementations.AuthService - User registered successfully with email: william@example.com
2026-06-19 10:47:35,999 [8] INFO  Microsoft.EntityFrameworkCore.Database.Command - Executed DbCommand (22ms) [Parameters=[@email='?' (Size = 450)], CommandType='Text', CommandTimeout='30']
SELECT TOP(1) [u].[Id], [u].[CreatedAt], [u].[Email], [u].[FirstName], [u].[IsActive], [u].[LastName], [u].[PasswordHash], [u].[PhoneNumber], [u].[Role], [u].[UpdatedAt]
FROM [Users] AS [u]
WHERE [u].[Email] = @email
2026-06-19 10:47:36,260 [8] INFO  RoadReady.AuthService.Implementations.AuthService - User logged in successfully with email: william@example.com
2026-06-19 10:48:08,999 [3] INFO  Microsoft.Hosting.Lifetime - Application is shutting down...
2026-06-19 10:48:37,441 [1] INFO  Microsoft.Hosting.Lifetime - Now listening on: http://localhost:5001
2026-06-19 10:48:37,449 [1] INFO  Microsoft.Hosting.Lifetime - Application started. Press Ctrl+C to shut down.
2026-06-19 10:48:37,449 [1] INFO  Microsoft.Hosting.Lifetime - Hosting environment: Development
2026-06-19 10:48:37,449 [1] INFO  Microsoft.Hosting.Lifetime - Content root path: /Users/williamgiftson/Project/RoadReady/RoadReady.AuthService
2026-06-19 10:48:47,903 [11] INFO  Microsoft.EntityFrameworkCore.Database.Command - Executed DbCommand (27ms) [Parameters=[@email='?' (Size = 450)], CommandType='Text', CommandTimeout='30']
SELECT TOP(1) [u].[Id], [u].[CreatedAt], [u].[Email], [u].[FirstName], [u].[IsActive], [u].[LastName], [u].[PasswordHash], [u].[PhoneNumber], [u].[Role], [u].[UpdatedAt]
FROM [Users] AS [u]
WHERE [u].[Email] = @email
2026-06-19 10:48:48,185 [11] INFO  RoadReady.AuthService.Implementations.AuthService - User logged in successfully with email: william@example.com
2026-06-19 10:49:15,945 [14] INFO  Microsoft.Hosting.Lifetime - Application is shutting down...
2026-06-19 10:50:22,789 [1] INFO  Microsoft.Hosting.Lifetime - Now listening on: http://localhost:5001
2026-06-19 10:50:22,796 [1] INFO  Microsoft.Hosting.Lifetime - Application started. Press Ctrl+C to shut down.
2026-06-19 10:50:22,796 [1] INFO  Microsoft.Hosting.Lifetime - Hosting environment: Development
2026-06-19 10:50:22,796 [1] INFO  Microsoft.Hosting.Lifetime - Content root path: /Users/williamgiftson/Project/RoadReady/RoadReady.AuthService
2026-06-19 10:52:11,519 [8] INFO  Microsoft.EntityFrameworkCore.Database.Command - Executed DbCommand (22ms) [Parameters=[@email='?' (Size = 450)], CommandType='Text', CommandTimeout='30']
SELECT TOP(1) [u].[Id], [u].[CreatedAt], [u].[Email], [u].[FirstName], [u].[IsActive], [u].[LastName], [u].[PasswordHash], [u].[PhoneNumber], [u].[Role], [u].[UpdatedAt]
FROM [Users] AS [u]
WHERE [u].[Email] = @email
2026-06-19 10:52:11,806 [8] INFO  RoadReady.AuthService.Implementations.AuthService - User logged in successfully with email: william@example.com
2026-06-19 12:21:31,354 [89] INFO  Microsoft.Hosting.Lifetime - Application is shutting down...
