2026-06-24 06:42:39,599 [1] INFO  Microsoft.Hosting.Lifetime - Now listening on: http://localhost:5002
2026-06-24 06:42:39,606 [1] INFO  Microsoft.Hosting.Lifetime - Application started. Press Ctrl+C to shut down.
2026-06-24 06:42:39,606 [1] INFO  Microsoft.Hosting.Lifetime - Hosting environment: Development
2026-06-24 06:42:39,606 [1] INFO  Microsoft.Hosting.Lifetime - Content root path: /Users/williamgiftson/Project/RoadReady/RoadReady.CarService
2026-06-24 06:44:14,503 [6] WARN  Microsoft.EntityFrameworkCore.Model.Validation - No store type was specified for the decimal property 'PricePerDay' on entity type 'Car'. This will cause values to be silently truncated if they do not fit in the default precision and scale. Explicitly specify the SQL server column type that can accommodate all the values in 'OnModelCreating' using 'HasColumnType', specify precision and scale using 'HasPrecision', or configure a value converter using 'HasConversion'.
2026-06-24 06:44:14,894 [6] INFO  Microsoft.EntityFrameworkCore.Database.Command - Executed DbCommand (73ms) [Parameters=[], CommandType='Text', CommandTimeout='30']
SELECT [c].[Id], [c].[BrandId], [c].[Color], [c].[CreatedAt], [c].[Description], [c].[FuelType], [c].[ImageUrls], [c].[LicensePlate], [c].[Location], [c].[Make], [c].[Model], [c].[PricePerDay], [c].[SeatingCapacity], [c].[Status], [c].[Transmission], [c].[UpdatedAt], [c].[Year], [b].[Id], [b].[Country], [b].[CreatedAt], [b].[LogoUrl], [b].[Name]
FROM [Cars] AS [c]
INNER JOIN [Brands] AS [b] ON [c].[BrandId] = [b].[Id]
ORDER BY [c].[CreatedAt] DESC
2026-06-24 06:44:46,506 [17] INFO  Microsoft.EntityFrameworkCore.Database.Command - Executed DbCommand (14ms) [Parameters=[@id='?' (DbType = Int32)], CommandType='Text', CommandTimeout='30']
SELECT TOP(1) [c].[Id], [c].[BrandId], [c].[Color], [c].[CreatedAt], [c].[Description], [c].[FuelType], [c].[ImageUrls], [c].[LicensePlate], [c].[Location], [c].[Make], [c].[Model], [c].[PricePerDay], [c].[SeatingCapacity], [c].[Status], [c].[Transmission], [c].[UpdatedAt], [c].[Year], [b].[Id], [b].[Country], [b].[CreatedAt], [b].[LogoUrl], [b].[Name]
FROM [Cars] AS [c]
INNER JOIN [Brands] AS [b] ON [c].[BrandId] = [b].[Id]
WHERE [c].[Id] = @id
2026-06-24 06:54:02,335 [29] INFO  Microsoft.EntityFrameworkCore.Database.Command - Executed DbCommand (5ms) [Parameters=[@id='?' (DbType = Int32)], CommandType='Text', CommandTimeout='30']
SELECT TOP(1) [c].[Id], [c].[BrandId], [c].[Color], [c].[CreatedAt], [c].[Description], [c].[FuelType], [c].[ImageUrls], [c].[LicensePlate], [c].[Location], [c].[Make], [c].[Model], [c].[PricePerDay], [c].[SeatingCapacity], [c].[Status], [c].[Transmission], [c].[UpdatedAt], [c].[Year], [b].[Id], [b].[Country], [b].[CreatedAt], [b].[LogoUrl], [b].[Name]
FROM [Cars] AS [c]
INNER JOIN [Brands] AS [b] ON [c].[BrandId] = [b].[Id]
WHERE [c].[Id] = @id
2026-06-24 06:54:40,390 [39] INFO  Microsoft.EntityFrameworkCore.Database.Command - Executed DbCommand (5ms) [Parameters=[@id='?' (DbType = Int32)], CommandType='Text', CommandTimeout='30']
SELECT TOP(1) [c].[Id], [c].[BrandId], [c].[Color], [c].[CreatedAt], [c].[Description], [c].[FuelType], [c].[ImageUrls], [c].[LicensePlate], [c].[Location], [c].[Make], [c].[Model], [c].[PricePerDay], [c].[SeatingCapacity], [c].[Status], [c].[Transmission], [c].[UpdatedAt], [c].[Year], [b].[Id], [b].[Country], [b].[CreatedAt], [b].[LogoUrl], [b].[Name]
FROM [Cars] AS [c]
INNER JOIN [Brands] AS [b] ON [c].[BrandId] = [b].[Id]
WHERE [c].[Id] = @id
2026-06-24 07:00:18,083 [48] INFO  Microsoft.EntityFrameworkCore.Database.Command - Executed DbCommand (6ms) [Parameters=[@id='?' (DbType = Int32)], CommandType='Text', CommandTimeout='30']
SELECT TOP(1) [c].[Id], [c].[BrandId], [c].[Color], [c].[CreatedAt], [c].[Description], [c].[FuelType], [c].[ImageUrls], [c].[LicensePlate], [c].[Location], [c].[Make], [c].[Model], [c].[PricePerDay], [c].[SeatingCapacity], [c].[Status], [c].[Transmission], [c].[UpdatedAt], [c].[Year], [b].[Id], [b].[Country], [b].[CreatedAt], [b].[LogoUrl], [b].[Name]
FROM [Cars] AS [c]
INNER JOIN [Brands] AS [b] ON [c].[BrandId] = [b].[Id]
WHERE [c].[Id] = @id
2026-06-24 07:01:09,590 [44] INFO  Microsoft.EntityFrameworkCore.Database.Command - Executed DbCommand (3ms) [Parameters=[@id='?' (DbType = Int32)], CommandType='Text', CommandTimeout='30']
SELECT TOP(1) [c].[Id], [c].[BrandId], [c].[Color], [c].[CreatedAt], [c].[Description], [c].[FuelType], [c].[ImageUrls], [c].[LicensePlate], [c].[Location], [c].[Make], [c].[Model], [c].[PricePerDay], [c].[SeatingCapacity], [c].[Status], [c].[Transmission], [c].[UpdatedAt], [c].[Year], [b].[Id], [b].[Country], [b].[CreatedAt], [b].[LogoUrl], [b].[Name]
FROM [Cars] AS [c]
INNER JOIN [Brands] AS [b] ON [c].[BrandId] = [b].[Id]
WHERE [c].[Id] = @id
2026-06-24 07:17:07,779 [80] INFO  Microsoft.EntityFrameworkCore.Database.Command - Executed DbCommand (6ms) [Parameters=[@id='?' (DbType = Int32)], CommandType='Text', CommandTimeout='30']
SELECT TOP(1) [c].[Id], [c].[BrandId], [c].[Color], [c].[CreatedAt], [c].[Description], [c].[FuelType], [c].[ImageUrls], [c].[LicensePlate], [c].[Location], [c].[Make], [c].[Model], [c].[PricePerDay], [c].[SeatingCapacity], [c].[Status], [c].[Transmission], [c].[UpdatedAt], [c].[Year], [b].[Id], [b].[Country], [b].[CreatedAt], [b].[LogoUrl], [b].[Name]
FROM [Cars] AS [c]
INNER JOIN [Brands] AS [b] ON [c].[BrandId] = [b].[Id]
WHERE [c].[Id] = @id
2026-06-24 07:17:42,222 [80] INFO  Microsoft.EntityFrameworkCore.Database.Command - Executed DbCommand (5ms) [Parameters=[@id='?' (DbType = Int32)], CommandType='Text', CommandTimeout='30']
SELECT TOP(1) [c].[Id], [c].[BrandId], [c].[Color], [c].[CreatedAt], [c].[Description], [c].[FuelType], [c].[ImageUrls], [c].[LicensePlate], [c].[Location], [c].[Make], [c].[Model], [c].[PricePerDay], [c].[SeatingCapacity], [c].[Status], [c].[Transmission], [c].[UpdatedAt], [c].[Year], [b].[Id], [b].[Country], [b].[CreatedAt], [b].[LogoUrl], [b].[Name]
FROM [Cars] AS [c]
INNER JOIN [Brands] AS [b] ON [c].[BrandId] = [b].[Id]
WHERE [c].[Id] = @id
2026-06-24 07:34:05,532 [57] INFO  Microsoft.EntityFrameworkCore.Database.Command - Executed DbCommand (12ms) [Parameters=[@id='?' (DbType = Int32)], CommandType='Text', CommandTimeout='30']
SELECT TOP(1) [c].[Id], [c].[BrandId], [c].[Color], [c].[CreatedAt], [c].[Description], [c].[FuelType], [c].[ImageUrls], [c].[LicensePlate], [c].[Location], [c].[Make], [c].[Model], [c].[PricePerDay], [c].[SeatingCapacity], [c].[Status], [c].[Transmission], [c].[UpdatedAt], [c].[Year], [b].[Id], [b].[Country], [b].[CreatedAt], [b].[LogoUrl], [b].[Name]
FROM [Cars] AS [c]
INNER JOIN [Brands] AS [b] ON [c].[BrandId] = [b].[Id]
WHERE [c].[Id] = @id
2026-06-24 07:34:43,069 [57] INFO  Microsoft.EntityFrameworkCore.Database.Command - Executed DbCommand (6ms) [Parameters=[@id='?' (DbType = Int32)], CommandType='Text', CommandTimeout='30']
SELECT TOP(1) [c].[Id], [c].[BrandId], [c].[Color], [c].[CreatedAt], [c].[Description], [c].[FuelType], [c].[ImageUrls], [c].[LicensePlate], [c].[Location], [c].[Make], [c].[Model], [c].[PricePerDay], [c].[SeatingCapacity], [c].[Status], [c].[Transmission], [c].[UpdatedAt], [c].[Year], [b].[Id], [b].[Country], [b].[CreatedAt], [b].[LogoUrl], [b].[Name]
FROM [Cars] AS [c]
INNER JOIN [Brands] AS [b] ON [c].[BrandId] = [b].[Id]
WHERE [c].[Id] = @id
2026-06-24 07:44:20,103 [39] INFO  Microsoft.EntityFrameworkCore.Database.Command - Executed DbCommand (4ms) [Parameters=[@id='?' (DbType = Int32)], CommandType='Text', CommandTimeout='30']
SELECT TOP(1) [c].[Id], [c].[BrandId], [c].[Color], [c].[CreatedAt], [c].[Description], [c].[FuelType], [c].[ImageUrls], [c].[LicensePlate], [c].[Location], [c].[Make], [c].[Model], [c].[PricePerDay], [c].[SeatingCapacity], [c].[Status], [c].[Transmission], [c].[UpdatedAt], [c].[Year], [b].[Id], [b].[Country], [b].[CreatedAt], [b].[LogoUrl], [b].[Name]
FROM [Cars] AS [c]
INNER JOIN [Brands] AS [b] ON [c].[BrandId] = [b].[Id]
WHERE [c].[Id] = @id
2026-06-24 07:44:59,921 [39] INFO  Microsoft.EntityFrameworkCore.Database.Command - Executed DbCommand (7ms) [Parameters=[@id='?' (DbType = Int32)], CommandType='Text', CommandTimeout='30']
SELECT TOP(1) [c].[Id], [c].[BrandId], [c].[Color], [c].[CreatedAt], [c].[Description], [c].[FuelType], [c].[ImageUrls], [c].[LicensePlate], [c].[Location], [c].[Make], [c].[Model], [c].[PricePerDay], [c].[SeatingCapacity], [c].[Status], [c].[Transmission], [c].[UpdatedAt], [c].[Year], [b].[Id], [b].[Country], [b].[CreatedAt], [b].[LogoUrl], [b].[Name]
FROM [Cars] AS [c]
INNER JOIN [Brands] AS [b] ON [c].[BrandId] = [b].[Id]
WHERE [c].[Id] = @id
2026-06-24 08:06:55,332 [34] INFO  Microsoft.Hosting.Lifetime - Application is shutting down...
2026-06-24 08:54:58,836 [1] INFO  Microsoft.Hosting.Lifetime - Now listening on: http://localhost:5002
2026-06-24 08:54:58,842 [1] INFO  Microsoft.Hosting.Lifetime - Application started. Press Ctrl+C to shut down.
2026-06-24 08:54:58,842 [1] INFO  Microsoft.Hosting.Lifetime - Hosting environment: Development
2026-06-24 08:54:58,842 [1] INFO  Microsoft.Hosting.Lifetime - Content root path: /Users/williamgiftson/Project/RoadReady/RoadReady.CarService
2026-06-24 09:29:32,666 [86] WARN  Microsoft.EntityFrameworkCore.Model.Validation - No store type was specified for the decimal property 'PricePerDay' on entity type 'Car'. This will cause values to be silently truncated if they do not fit in the default precision and scale. Explicitly specify the SQL server column type that can accommodate all the values in 'OnModelCreating' using 'HasColumnType', specify precision and scale using 'HasPrecision', or configure a value converter using 'HasConversion'.
2026-06-24 09:29:33,051 [86] INFO  Microsoft.EntityFrameworkCore.Database.Command - Executed DbCommand (48ms) [Parameters=[], CommandType='Text', CommandTimeout='30']
SELECT [b].[Id], [b].[Country], [b].[CreatedAt], [b].[LogoUrl], [b].[Name]
FROM [Brands] AS [b]
ORDER BY [b].[Name]
2026-06-24 09:29:54,692 [86] INFO  Microsoft.EntityFrameworkCore.Database.Command - Executed DbCommand (44ms) [Parameters=[@ToLower='?' (Size = 450)], CommandType='Text', CommandTimeout='30']
SELECT TOP(1) [b].[Id], [b].[Country], [b].[CreatedAt], [b].[LogoUrl], [b].[Name]
FROM [Brands] AS [b]
WHERE LOWER([b].[Name]) = @ToLower
2026-06-24 09:29:54,767 [86] INFO  Microsoft.EntityFrameworkCore.Database.Command - Executed DbCommand (22ms) [Parameters=[@p0='?' (Size = 4000), @p1='?' (DbType = DateTime2), @p2='?' (Size = 4000), @p3='?' (Size = 450)], CommandType='Text', CommandTimeout='30']
SET IMPLICIT_TRANSACTIONS OFF;
SET NOCOUNT ON;
INSERT INTO [Brands] ([Country], [CreatedAt], [LogoUrl], [Name])
OUTPUT INSERTED.[Id]
VALUES (@p0, @p1, @p2, @p3);
2026-06-24 09:29:54,782 [86] INFO  RoadReady.CarService.Implementations.BrandService - Brand created successfully: Kia
2026-06-24 09:30:05,752 [86] INFO  Microsoft.EntityFrameworkCore.Database.Command - Executed DbCommand (13ms) [Parameters=[@id='?' (DbType = Int32)], CommandType='Text', CommandTimeout='30']
SELECT TOP(1) [b].[Id], [b].[Country], [b].[CreatedAt], [b].[LogoUrl], [b].[Name]
FROM [Brands] AS [b]
WHERE [b].[Id] = @id
2026-06-24 09:30:14,525 [84] INFO  Microsoft.EntityFrameworkCore.Database.Command - Executed DbCommand (44ms) [Parameters=[], CommandType='Text', CommandTimeout='30']
SELECT [c].[Id], [c].[BrandId], [c].[Color], [c].[CreatedAt], [c].[Description], [c].[FuelType], [c].[ImageUrls], [c].[LicensePlate], [c].[Location], [c].[Make], [c].[Model], [c].[PricePerDay], [c].[SeatingCapacity], [c].[Status], [c].[Transmission], [c].[UpdatedAt], [c].[Year], [b].[Id], [b].[Country], [b].[CreatedAt], [b].[LogoUrl], [b].[Name]
FROM [Cars] AS [c]
INNER JOIN [Brands] AS [b] ON [c].[BrandId] = [b].[Id]
ORDER BY [c].[CreatedAt] DESC
2026-06-24 09:30:42,951 [78] INFO  Microsoft.EntityFrameworkCore.Database.Command - Executed DbCommand (11ms) [Parameters=[@id='?' (DbType = Int32)], CommandType='Text', CommandTimeout='30']
SELECT TOP(1) [b].[Id], [b].[Country], [b].[CreatedAt], [b].[LogoUrl], [b].[Name]
FROM [Brands] AS [b]
WHERE [b].[Id] = @id
2026-06-24 09:30:42,994 [84] INFO  Microsoft.EntityFrameworkCore.Database.Command - Executed DbCommand (26ms) [Parameters=[@p0='?' (DbType = Int32), @p1='?' (Size = 4000), @p2='?' (DbType = DateTime2), @p3='?' (Size = 4000), @p4='?' (Size = 4000), @p5='?' (Size = 4000), @p6='?' (Size = 450), @p7='?' (Size = 4000), @p8='?' (Size = 4000), @p9='?' (Size = 4000), @p10='?' (Precision = 18) (Scale = 2) (DbType = Decimal), @p11='?' (DbType = Int32), @p12='?' (Size = 4000), @p13='?' (Size = 4000), @p14='?' (DbType = DateTime2), @p15='?' (DbType = Int32)], CommandType='Text', CommandTimeout='30']
SET IMPLICIT_TRANSACTIONS OFF;
SET NOCOUNT ON;
INSERT INTO [Cars] ([BrandId], [Color], [CreatedAt], [Description], [FuelType], [ImageUrls], [LicensePlate], [Location], [Make], [Model], [PricePerDay], [SeatingCapacity], [Status], [Transmission], [UpdatedAt], [Year])
OUTPUT INSERTED.[Id]
VALUES (@p0, @p1, @p2, @p3, @p4, @p5, @p6, @p7, @p8, @p9, @p10, @p11, @p12, @p13, @p14, @p15);
2026-06-24 09:30:42,997 [84] INFO  RoadReady.CarService.Implementations.CarService - Car created successfully with license plate: MH-02-AB-1234
2026-06-24 09:32:18,109 [74] INFO  Microsoft.EntityFrameworkCore.Database.Command - Executed DbCommand (16ms) [Parameters=[], CommandType='Text', CommandTimeout='30']
SELECT [b].[Id], [b].[Country], [b].[CreatedAt], [b].[LogoUrl], [b].[Name]
FROM [Brands] AS [b]
ORDER BY [b].[Name]
2026-06-24 09:32:24,784 [73] INFO  Microsoft.EntityFrameworkCore.Database.Command - Executed DbCommand (64ms) [Parameters=[], CommandType='Text', CommandTimeout='30']
SELECT [c].[Id], [c].[BrandId], [c].[Color], [c].[CreatedAt], [c].[Description], [c].[FuelType], [c].[ImageUrls], [c].[LicensePlate], [c].[Location], [c].[Make], [c].[Model], [c].[PricePerDay], [c].[SeatingCapacity], [c].[Status], [c].[Transmission], [c].[UpdatedAt], [c].[Year], [b].[Id], [b].[Country], [b].[CreatedAt], [b].[LogoUrl], [b].[Name]
FROM [Cars] AS [c]
INNER JOIN [Brands] AS [b] ON [c].[BrandId] = [b].[Id]
ORDER BY [c].[CreatedAt] DESC
2026-06-24 09:32:40,798 [74] INFO  Microsoft.EntityFrameworkCore.Database.Command - Executed DbCommand (33ms) [Parameters=[@location_contains='?' (Size = 4000)], CommandType='Text', CommandTimeout='30']
SELECT [c].[Id], [c].[BrandId], [c].[Color], [c].[CreatedAt], [c].[Description], [c].[FuelType], [c].[ImageUrls], [c].[LicensePlate], [c].[Location], [c].[Make], [c].[Model], [c].[PricePerDay], [c].[SeatingCapacity], [c].[Status], [c].[Transmission], [c].[UpdatedAt], [c].[Year], [b].[Id], [b].[Country], [b].[CreatedAt], [b].[LogoUrl], [b].[Name]
FROM [Cars] AS [c]
INNER JOIN [Brands] AS [b] ON [c].[BrandId] = [b].[Id]
WHERE [c].[Location] LIKE @location_contains ESCAPE N'\'
ORDER BY [c].[CreatedAt] DESC
2026-06-24 09:32:56,728 [71] INFO  Microsoft.EntityFrameworkCore.Database.Command - Executed DbCommand (284ms) [Parameters=[@location_contains='?' (Size = 4000), @make_contains='?' (Size = 4000)], CommandType='Text', CommandTimeout='30']
SELECT [c].[Id], [c].[BrandId], [c].[Color], [c].[CreatedAt], [c].[Description], [c].[FuelType], [c].[ImageUrls], [c].[LicensePlate], [c].[Location], [c].[Make], [c].[Model], [c].[PricePerDay], [c].[SeatingCapacity], [c].[Status], [c].[Transmission], [c].[UpdatedAt], [c].[Year], [b].[Id], [b].[Country], [b].[CreatedAt], [b].[LogoUrl], [b].[Name]
FROM [Cars] AS [c]
INNER JOIN [Brands] AS [b] ON [c].[BrandId] = [b].[Id]
WHERE [c].[Location] LIKE @location_contains ESCAPE N'\' AND [c].[Make] LIKE @make_contains ESCAPE N'\'
ORDER BY [c].[CreatedAt] DESC
2026-06-24 09:34:52,407 [66] INFO  Microsoft.EntityFrameworkCore.Database.Command - Executed DbCommand (12ms) [Parameters=[@id='?' (DbType = Int32)], CommandType='Text', CommandTimeout='30']
SELECT TOP(1) [c].[Id], [c].[BrandId], [c].[Color], [c].[CreatedAt], [c].[Description], [c].[FuelType], [c].[ImageUrls], [c].[LicensePlate], [c].[Location], [c].[Make], [c].[Model], [c].[PricePerDay], [c].[SeatingCapacity], [c].[Status], [c].[Transmission], [c].[UpdatedAt], [c].[Year], [b].[Id], [b].[Country], [b].[CreatedAt], [b].[LogoUrl], [b].[Name]
FROM [Cars] AS [c]
INNER JOIN [Brands] AS [b] ON [c].[BrandId] = [b].[Id]
WHERE [c].[Id] = @id
2026-06-24 09:35:48,006 [65] INFO  Microsoft.EntityFrameworkCore.Database.Command - Executed DbCommand (7ms) [Parameters=[@id='?' (DbType = Int32)], CommandType='Text', CommandTimeout='30']
SELECT TOP(1) [c].[Id], [c].[BrandId], [c].[Color], [c].[CreatedAt], [c].[Description], [c].[FuelType], [c].[ImageUrls], [c].[LicensePlate], [c].[Location], [c].[Make], [c].[Model], [c].[PricePerDay], [c].[SeatingCapacity], [c].[Status], [c].[Transmission], [c].[UpdatedAt], [c].[Year], [b].[Id], [b].[Country], [b].[CreatedAt], [b].[LogoUrl], [b].[Name]
FROM [Cars] AS [c]
INNER JOIN [Brands] AS [b] ON [c].[BrandId] = [b].[Id]
WHERE [c].[Id] = @id
2026-06-24 09:40:55,947 [53] INFO  Microsoft.EntityFrameworkCore.Database.Command - Executed DbCommand (4ms) [Parameters=[@id='?' (DbType = Int32)], CommandType='Text', CommandTimeout='30']
SELECT TOP(1) [c].[Id], [c].[BrandId], [c].[Color], [c].[CreatedAt], [c].[Description], [c].[FuelType], [c].[ImageUrls], [c].[LicensePlate], [c].[Location], [c].[Make], [c].[Model], [c].[PricePerDay], [c].[SeatingCapacity], [c].[Status], [c].[Transmission], [c].[UpdatedAt], [c].[Year], [b].[Id], [b].[Country], [b].[CreatedAt], [b].[LogoUrl], [b].[Name]
FROM [Cars] AS [c]
INNER JOIN [Brands] AS [b] ON [c].[BrandId] = [b].[Id]
WHERE [c].[Id] = @id
2026-06-24 09:40:55,952 [53] INFO  System.Net.Http.HttpClient.Default.LogicalHandler - Start processing HTTP request GET http://localhost:5003/api/v1/bookings/verify-eligibility?*
2026-06-24 09:40:55,952 [53] INFO  System.Net.Http.HttpClient.Default.ClientHandler - Sending HTTP request GET http://localhost:5003/api/v1/bookings/verify-eligibility?*
2026-06-24 09:40:56,033 [53] INFO  System.Net.Http.HttpClient.Default.ClientHandler - Received HTTP response headers after 77.3802ms - 400
2026-06-24 09:40:56,034 [53] INFO  System.Net.Http.HttpClient.Default.LogicalHandler - End processing HTTP request after 82.9284ms - 400
2026-06-24 09:41:19,171 [53] INFO  Microsoft.EntityFrameworkCore.Database.Command - Executed DbCommand (18ms) [Parameters=[@id='?' (DbType = Int32)], CommandType='Text', CommandTimeout='30']
SELECT TOP(1) [c].[Id], [c].[BrandId], [c].[Color], [c].[CreatedAt], [c].[Description], [c].[FuelType], [c].[ImageUrls], [c].[LicensePlate], [c].[Location], [c].[Make], [c].[Model], [c].[PricePerDay], [c].[SeatingCapacity], [c].[Status], [c].[Transmission], [c].[UpdatedAt], [c].[Year], [b].[Id], [b].[Country], [b].[CreatedAt], [b].[LogoUrl], [b].[Name]
FROM [Cars] AS [c]
INNER JOIN [Brands] AS [b] ON [c].[BrandId] = [b].[Id]
WHERE [c].[Id] = @id
2026-06-24 09:41:19,172 [53] INFO  System.Net.Http.HttpClient.Default.LogicalHandler - Start processing HTTP request GET http://localhost:5003/api/v1/bookings/verify-eligibility?*
2026-06-24 09:41:19,172 [53] INFO  System.Net.Http.HttpClient.Default.ClientHandler - Sending HTTP request GET http://localhost:5003/api/v1/bookings/verify-eligibility?*
2026-06-24 09:41:19,193 [53] INFO  System.Net.Http.HttpClient.Default.ClientHandler - Received HTTP response headers after 20.7046ms - 400
2026-06-24 09:41:19,193 [53] INFO  System.Net.Http.HttpClient.Default.LogicalHandler - End processing HTTP request after 21.0614ms - 400
2026-06-24 09:42:28,590 [53] INFO  Microsoft.EntityFrameworkCore.Database.Command - Executed DbCommand (12ms) [Parameters=[@id='?' (DbType = Int32)], CommandType='Text', CommandTimeout='30']
SELECT TOP(1) [c].[Id], [c].[BrandId], [c].[Color], [c].[CreatedAt], [c].[Description], [c].[FuelType], [c].[ImageUrls], [c].[LicensePlate], [c].[Location], [c].[Make], [c].[Model], [c].[PricePerDay], [c].[SeatingCapacity], [c].[Status], [c].[Transmission], [c].[UpdatedAt], [c].[Year], [b].[Id], [b].[Country], [b].[CreatedAt], [b].[LogoUrl], [b].[Name]
FROM [Cars] AS [c]
INNER JOIN [Brands] AS [b] ON [c].[BrandId] = [b].[Id]
WHERE [c].[Id] = @id
2026-06-24 09:42:28,592 [53] INFO  System.Net.Http.HttpClient.Default.LogicalHandler - Start processing HTTP request GET http://localhost:5003/api/v1/bookings/verify-eligibility?*
2026-06-24 09:42:28,592 [53] INFO  System.Net.Http.HttpClient.Default.ClientHandler - Sending HTTP request GET http://localhost:5003/api/v1/bookings/verify-eligibility?*
2026-06-24 09:42:28,623 [53] INFO  System.Net.Http.HttpClient.Default.ClientHandler - Received HTTP response headers after 30.7395ms - 200
2026-06-24 09:42:28,623 [53] INFO  System.Net.Http.HttpClient.Default.LogicalHandler - End processing HTTP request after 31.125ms - 200
2026-06-24 09:42:28,661 [53] INFO  Microsoft.EntityFrameworkCore.Database.Command - Executed DbCommand (9ms) [Parameters=[@carId='?' (DbType = Int32), @userId='?' (DbType = Guid)], CommandType='Text', CommandTimeout='30']
SELECT CASE
    WHEN EXISTS (
        SELECT 1
        FROM [Reviews] AS [r]
        WHERE [r].[CarId] = @carId AND [r].[UserId] = @userId) THEN CAST(1 AS bit)
    ELSE CAST(0 AS bit)
END
2026-06-24 11:00:46,747 [27] INFO  Microsoft.Hosting.Lifetime - Application is shutting down...
